2025-05-22 12:53:50,821 - INFO - ====== WebDriver manager ======
2025-05-22 12:53:56,183 - INFO - Get LATEST chromedriver version for google-chrome
2025-05-22 12:53:56,440 - INFO - Get LATEST chromedriver version for google-chrome
2025-05-22 12:53:56,497 - INFO - There is no [mac64] chromedriver "136.0.7103.113" for browser google-chrome "136.0.7103" in cache
2025-05-22 12:53:56,518 - INFO - Get LATEST chromedriver version for google-chrome
2025-05-22 12:53:56,702 - INFO - WebDriver version 136.0.7103.113 selected
2025-05-22 12:53:56,703 - INFO - Modern chrome version https://storage.googleapis.com/chrome-for-testing-public/136.0.7103.113/mac-arm64/chromedriver-mac-arm64.zip
2025-05-22 12:53:56,703 - INFO - About to download new driver from https://storage.googleapis.com/chrome-for-testing-public/136.0.7103.113/mac-arm64/chromedriver-mac-arm64.zip
2025-05-22 12:53:56,819 - INFO - Driver downloading response is 200
2025-05-22 12:53:57,443 - INFO - Get LATEST chromedriver version for google-chrome
2025-05-22 12:53:57,847 - INFO - Driver has been saved in cache [/Users/ray/.wdm/drivers/chromedriver/mac64/136.0.7103.113]
2025-05-22 12:54:00,321 - INFO - Attempting to login with primary credentials...
2025-05-22 12:54:00,945 - INFO - Waiting for login link...
2025-05-22 12:54:04,520 - INFO - Entering email...
2025-05-22 12:54:04,840 - INFO - Clicked continue after entering email
2025-05-22 12:54:16,203 - INFO - Login successful
2025-05-22 12:54:32,799 - INFO - Scraping chart for date: 2025-05-21
2025-05-22 12:54:32,820 - INFO - Found 5 rows for top 5 chart entries
2025-05-22 12:54:39,254 - INFO - Processed entry #1: Ordinary by Alex Warren
2025-05-22 12:54:50,854 - INFO - Processed entry #2: Die With A Smile by Lady Gaga, Bruno Mars
2025-05-22 12:54:58,666 - INFO - Processed entry #3: BIRDS OF A FEATHER by Billie Eilish
2025-05-22 12:55:00,335 - INFO - Processed entry #4: Don’t Say You Love Me by Jin
2025-05-22 12:55:01,880 - INFO - Processed entry #5: back to friends by sombr
2025-05-22 12:55:01,881 - INFO - Successfully scraped 5 entries from global chart for 2025-05-21
2025-05-22 12:55:07,109 - INFO - Scraping chart for date: 2025-05-20
2025-05-22 12:55:07,124 - INFO - Found 5 rows for top 5 chart entries
2025-05-22 12:55:07,725 - INFO - Processed entry #1: Ordinary by Alex Warren
2025-05-22 12:55:08,291 - INFO - Processed entry #2: Die With A Smile by Lady Gaga, Bruno Mars
2025-05-22 12:55:08,885 - INFO - Processed entry #3: BIRDS OF A FEATHER by Billie Eilish
2025-05-22 12:55:09,483 - INFO - Processed entry #4: back to friends by sombr
2025-05-22 12:55:10,044 - INFO - Processed entry #5: Don’t Say You Love Me by Jin
2025-05-22 12:55:10,044 - INFO - Successfully scraped 5 entries from global chart for 2025-05-20
2025-05-22 12:55:15,275 - INFO - Scraping chart for date: 2025-05-19
2025-05-22 12:55:15,285 - INFO - Found 5 rows for top 5 chart entries
2025-05-22 12:55:15,852 - INFO - Processed entry #1: Ordinary by Alex Warren
2025-05-22 12:55:16,443 - INFO - Processed entry #2: Die With A Smile by Lady Gaga, Bruno Mars
2025-05-22 12:55:17,041 - INFO - Processed entry #3: BIRDS OF A FEATHER by Billie Eilish
2025-05-22 12:55:17,617 - INFO - Processed entry #4: back to friends by sombr
2025-05-22 12:55:19,128 - WARNING - Retrying (Retry(total=2, connect=None, read=None, redirect=None, status=None)) after connection broken by 'NewConnectionError('<urllib3.connection.HTTPConnection object at 0x1073ae450>: Failed to establish a new connection: [Errno 61] Connection refused')': /session/e784763bee4b6365a09da4e0f37de4c9
2025-05-22 12:55:19,129 - WARNING - Retrying (Retry(total=1, connect=None, read=None, redirect=None, status=None)) after connection broken by 'NewConnectionError('<urllib3.connection.HTTPConnection object at 0x1029fb510>: Failed to establish a new connection: [Errno 61] Connection refused')': /session/e784763bee4b6365a09da4e0f37de4c9
2025-05-22 12:55:19,129 - WARNING - Retrying (Retry(total=0, connect=None, read=None, redirect=None, status=None)) after connection broken by 'NewConnectionError('<urllib3.connection.HTTPConnection object at 0x1029fb4d0>: Failed to establish a new connection: [Errno 61] Connection refused')': /session/e784763bee4b6365a09da4e0f37de4c9
2025-05-22 12:55:19,131 - WARNING - Retrying (Retry(total=2, connect=None, read=None, redirect=None, status=None)) after connection broken by 'NewConnectionError('<urllib3.connection.HTTPConnection object at 0x1029fa150>: Failed to establish a new connection: [Errno 61] Connection refused')': /session/e784763bee4b6365a09da4e0f37de4c9
2025-05-22 12:55:19,132 - WARNING - Retrying (Retry(total=1, connect=None, read=None, redirect=None, status=None)) after connection broken by 'NewConnectionError('<urllib3.connection.HTTPConnection object at 0x1029fbe10>: Failed to establish a new connection: [Errno 61] Connection refused')': /session/e784763bee4b6365a09da4e0f37de4c9
2025-05-22 12:55:19,132 - WARNING - Retrying (Retry(total=0, connect=None, read=None, redirect=None, status=None)) after connection broken by 'NewConnectionError('<urllib3.connection.HTTPConnection object at 0x1029f8b50>: Failed to establish a new connection: [Errno 61] Connection refused')': /session/e784763bee4b6365a09da4e0f37de4c9
2025-05-22 15:11:24,313 - INFO - ====== WebDriver manager ======
2025-05-22 15:11:36,942 - INFO - ====== WebDriver manager ======
